
ROM used:   3472/33788 (10%)
            3472/33788 (10%) including unused fragments

            2.6 Average locations per line
            11.8 Average locations per statement

RAM used:   151/8192 (2%) at main() level
            255/8192 (3%) worst case

Stack size: 128

Lines Stmts  %   Files
----- ----- ---  -----
  438   293 100  Integrate.c
  862     0   0  ..\..\..\..\..\..\Program Files (x86)\PICC\devices\24FJ48GA002.h
   33     0   0  BL_Support.h
----- -----
 1333   293 Total

Page ROM  %  RAM   Vol Diff  Functions:
---- --- --- ---   --- ----  ----------
0     16   0    2             @delay_ms1
0    342   5    7  1621  6.4  SM_RxD
0     50   1    2    40  1.7  UART1_Isr
0    278   4   13  1121  5.5  control_inputX
0    100   1    0             @SI64TOF64
0    264   4    8             @DIVFF64
0    272   4    0             @MULFF64
0     86   1    0             @F64TOSI64
0    278   4   13  1121  5.5  control_inputY
0    278   4   13  1121  5.5  control_inputZ
0     76   1    9   287  6.2  move_posX
0     70   1    9   259  5.7  move_posY
0     70   1    9   259  5.7  move_posZ
0     52   1    4   233  4.1  set_Z
0    124   2    6   724  4.9  set_Zero
0     84   1   16   494  5.1  moveXYZ
0     34   0    0    17  1.3  INT_EXT_INPUT0
0     34   0    0    17  1.3  INT_EXT_INPUT1
0     34   0    0    17  1.3  INT_EXT_INPUT2
0     56   1    0   336  2.3  Init_Interrupts
0    366   5    0  1780  7.5  MAIN
 Inline         0             @cinit1

Program metrics:
    Functions               16
    Statements              293
    Comments                195
    Volume (V)              14759
    Difficulty (D)          71.0
    Effort to implement (E) 1048329
    Time to implement (T)   16 hours, 11 minutes
    Est Delivered Bugs (B)  3
    Cyclomatic Complexity   53
    Maintainability (MI)    49

 Segment     Used  Free
-----------  ----  ----
00000-00BFE     0  3072  
00C00-00C02     4  0  
00C04-00DFA   504  0  
00DFC-083FA  2964  27244  



