CCS PCD C Compiler, Version 5.015, 5967               07-Nov-18 16:02

               Filename:   C:\Users\thipawan\Desktop\Embedded\MilestoneIII\MPIDE\multiDrop_rev2.lst

               ROM used:   1306 bytes (4%)
                           Largest free fragment is 29410
               RAM used:   143 (2%) at main() level
                           149 (2%) worst case
               Stack size: 128

*
0C00:  GOTO    1050
*
0C50:  GOTO    F28
.................... #include <24FJ48GA002.h> 
.................... //////////// Standard Header file for the PIC24FJ48GA002 device //////////////// 
.................... /////////////////////////////////////////////////////////////////////////// 
.................... ////        (C) Copyright 1996, 2013 Custom Computer Services          //// 
.................... //// This source code may only be used by licensed users of the CCS C  //// 
.................... //// compiler.  This source code may only be distributed to other      //// 
.................... //// licensed users of the CCS C compiler.  No other use, reproduction //// 
.................... //// or distribution is permitted without written permission.          //// 
.................... //// Derivative programs created using this software in object code    //// 
.................... //// form are not restricted in any way.                               //// 
.................... /////////////////////////////////////////////////////////////////////////// 
.................... #device PIC24FJ48GA002 
*
0DFC:  CLR     32
0DFE:  MOV     #E08,W3
0E00:  ADD     W3,W0,W0
0E02:  TBLRDL.B[W0],W0L
0E04:  CLR.B   1
0E06:  RETURN  
0E08:  DATA    0A,72,00
0E0A:  DATA    65,73,00
0E0C:  DATA    75,6C,00
0E0E:  DATA    74,20,00
0E10:  DATA    3D,20,00
0E12:  DATA    25,64,00
0E14:  DATA    0A,00,00
*
0F5A:  MOV     W5,[W15++]
0F5C:  MOV     #C,W5
0F5E:  REPEAT  #3
0F60:  MOV     [W5++],[W15++]
0F62:  BTSS    W0.F
0F64:  BRA     F7E
0F66:  NEG     W0,W0
0F68:  BSET    W4.8
0F6A:  BTSS    W4.F
0F6C:  BRA     F7E
0F6E:  MOV     W0,[W15++]
0F70:  MOV     #2D,W0
0F72:  BTSC.B  223.1
0F74:  BRA     F72
0F76:  MOV     W0,224
0F78:  MOV     [--W15],W0
0F7A:  BCLR    W4.8
0F7C:  DEC.B   0008
0F7E:  CLR     W5
0F80:  MOV     W0,W7
0F82:  MOV     W4,W9
0F84:  BCLR    W4.F
0F86:  CP0.B   W4L
0F88:  BRA     NZ,F96
0F8A:  BTSC    W9.F
0F8C:  BRA     F92
0F8E:  MOV     #0,W5
0F90:  BRA     FB0
0F92:  MOV     #0,W5
0F94:  BRA     FB0
0F96:  SUB.B   W4L,#6,W5L
0F98:  BRA     NC,FAE
0F9A:  MOV     #30,W0
0F9C:  BTSS    W9.F
0F9E:  MOV     #20,W0
0FA0:  BTSC.B  223.1
0FA2:  BRA     FA0
0FA4:  MOV     W0,224
0FA6:  DEC     W5,W5
0FA8:  BRA     NN,FA0
0FAA:  MOV     #5,W5
0FAC:  BRA     FB0
0FAE:  MOV     W4,W5
0FB0:  MOV     #6,W4
0FB2:  BTSC    W5.8
0FB4:  INC     W4,W4
0FB6:  BSET    W5.E
0FB8:  BTSC    W9.F
0FBA:  BSET    W5.F
0FBC:  MOV     #2710,W8
0FBE:  REPEAT  #11
0FC0:  DIV.U   W7,W8
0FC2:  CALL    1006
0FC6:  MOV     W1,W7
0FC8:  MOV     #3E8,W8
0FCA:  REPEAT  #11
0FCC:  DIV.U   W7,W8
0FCE:  CALL    1006
0FD2:  MOV     W1,W7
0FD4:  MOV     #64,W8
0FD6:  REPEAT  #11
0FD8:  DIV.U   W7,W8
0FDA:  CALL    1006
0FDE:  MOV     W1,W7
0FE0:  MOV     #A,W8
0FE2:  REPEAT  #11
0FE4:  DIV.U   W7,W8
0FE6:  CALL    1006
0FEA:  BTSS    W9.8
0FEC:  BRA     FF8
0FEE:  MOV     #2D,W0
0FF0:  BTSC.B  223.1
0FF2:  BRA     FF0
0FF4:  MOV     W0,224
0FF6:  BCLR    W9.8
0FF8:  MOV     #30,W0
0FFA:  ADD.B   W1L,W0L,W0L
0FFC:  MOV     W0,2A
0FFE:  BTSC.B  223.1
1000:  BRA     FFE
1002:  MOV     W0,224
1004:  BRA     1046
1006:  MOV     #30,W6
1008:  CP0     W0
100A:  BRA     NZ,1028
100C:  BTSS    W5.E
100E:  BRA     103C
1010:  DEC     W4,W4
1012:  CP.B    W4L,W5L
1014:  BRA     Z,101A
1016:  BTSC.B  42.0
1018:  RETURN  
101A:  CP0     W0
101C:  BRA     NZ,1028
101E:  BTSS    W5.E
1020:  BRA     103C
1022:  BTSS    W5.F
1024:  MOV     #20,W6
1026:  BRA     103C
1028:  BCLR    W5.E
102A:  BTSS    W9.8
102C:  BRA     103C
102E:  MOV     W0,W10
1030:  MOV     #2D,W0
1032:  BTSC.B  223.1
1034:  BRA     1032
1036:  MOV     W0,224
1038:  BCLR    W9.8
103A:  MOV     W10,W0
103C:  ADD.B   W6L,W0L,W0L
103E:  BTSC.B  223.1
1040:  BRA     103E
1042:  MOV     W0,224
1044:  RETURN  
1046:  MOV     #12,W5
1048:  REPEAT  #3
104A:  MOV     [--W15],[W5--]
104C:  MOV     [--W15],W5
104E:  RETURN  
....................  
.................... #list 
....................  
.................... #include "BL_Support.h" 
.................... /*  
....................  * File:    BL_Support.h 
....................  * Author:  Dr.Santi Nuratch 
....................  *          Embedded Computing and Control Lab., INC-KMUTT 
....................  * Created on 22 September 2016, 13:14 
....................  */ 
....................  
.................... #ifndef BL_SUPPORT_H 
.................... #define	BL_SUPPORT_H 
....................  
....................  
.................... /******************************************************************************/ 
.................... /*                   BOOTLOADER SUPPORT CONFIGURATION                         */ 
.................... /*                          (DO NOT CHANGE)                                   */ 
.................... /******************************************************************************/ 
.................... /* Bootloader */ 
.................... #define LOADER_PAGES 	3  
.................... #define ERASE_SIZE 		2048    /* 2048 bytes, 24-bit (3 bytes) per instruction, but it uses 4 bytes aligned --> 4 bytes per word */ 
....................                                 /* each block has 512 instructions (1024 words), each instruction requires 4 bytes (2 words), so 512*4 = 2048 bytes */ 
.................... #define LOADER_SIZE 	((LOADER_PAGES * (ERASE_SIZE/2)) - 1)   /* 2 bytes per address, so divided by 2, 2048/2 = 1024 */  
.................... #define LOADER_END  	LOADER_SIZE                             /* End address      */ 
.................... #define LOADER_ADDR 	0xC00//(LOADER_END - LOADER_SIZE)       /* Start address    */ 
....................  
.................... #build (reset=LOADER_END+1, interrupt=LOADER_END+5) 
.................... #org 0, LOADER_END {}   /* 0x0000 - END */ 
....................  
.................... /******************************************************************************/ 
.................... /*                                  END                                       */ 
.................... /******************************************************************************/ 
....................  
.................... #endif	/* BL_SUPPORT_H */ 
....................  
....................  
.................... #use delay (internal = 8 MHz, clock = 32MHz) 
.................... #PIN_SELECT U1RX = PIN_B12 //PIN_B14 // 
.................... #PIN_SELECT U1TX = PIN_B13 //PIN_B15 // 
.................... #use rs232 (UART1, BAUD = 115200, XMIT = PIN_B13, RCV = PIN_B12) 
....................  
....................  
.................... char arrayData[4] = {}; 
.................... char arrayDataXI[2] = {}; 
.................... char arrayDataXII[2] = {}; 
.................... char arrayDataYI[2] = {}; 
.................... char arrayDataYII[2] = {}; 
....................  
.................... char SM_id = 1; 
.................... int getPackage = 0; 
....................  
.................... void SM_RxD(int c){ 
*
0E16:  MOV     W5,[W15++]
0E18:  MOV     W6,[W15++]
.................... 	if (SM_id <= 2){ 
0E1A:  MOV.B   80C,W0L
0E1C:  SE      W0,W0
0E1E:  CP      W0,#2
0E20:  BRA     GT,E32
.................... 		if (c ==  0xFF){ 
0E22:  MOV     814,W4
0E24:  XOR     #FF,W4
0E26:  BRA     NZ,E2C
.................... 			SM_id++; 
0E28:  INC.B   080C
.................... 		}else{ 
0E2A:  BRA     E30
.................... 			SM_id = 1; 
0E2C:  MOV.B   #1,W0L
0E2E:  MOV.B   W0L,80C
.................... 		} 
.................... 	}else if (SM_id <= 3){ 
0E30:  BRA     F22
0E32:  MOV.B   80C,W0L
0E34:  SE      W0,W0
0E36:  CP      W0,#3
0E38:  BRA     GT,E44
.................... 		if (c == 0x02){ 
0E3A:  MOV     814,W4
0E3C:  CP      W4,#2
0E3E:  BRA     NZ,E42
.................... 			SM_id++; 
0E40:  INC.B   080C
.................... 		} 
.................... 	}else if (SM_id <= 4){ 
0E42:  BRA     F22
0E44:  MOV.B   80C,W0L
0E46:  SE      W0,W0
0E48:  CP      W0,#4
0E4A:  BRA     GT,E56
.................... 		if ( c == 0x06){ 
0E4C:  MOV     814,W4
0E4E:  CP      W4,#6
0E50:  BRA     NZ,E54
.................... 			SM_id++; 
0E52:  INC.B   080C
.................... 		} 
.................... 	}else if (SM_id > 4 && SM_id <= 6){ 
0E54:  BRA     F22
0E56:  MOV.B   80C,W0L
0E58:  SE      W0,W0
0E5A:  CP      W0,#4
0E5C:  BRA     LE,E78
0E5E:  MOV.B   80C,W0L
0E60:  SE      W0,W0
0E62:  CP      W0,#6
0E64:  BRA     GT,E78
.................... 		arrayDataXI[SM_id - 5] = c; 
0E66:  MOV.B   80C,W0L
0E68:  SE      W0,W0
0E6A:  SUB     W0,#5,W5
0E6C:  MOV     #804,W4
0E6E:  ADD     W5,W4,W6
0E70:  MOV     814,W0
0E72:  MOV.B   W0L,[W6+#0]
.................... 		SM_id++; 
0E74:  INC.B   080C
.................... 	}else if (SM_id > 6 && SM_id <= 8){ 
0E76:  BRA     F22
0E78:  MOV.B   80C,W0L
0E7A:  SE      W0,W0
0E7C:  CP      W0,#6
0E7E:  BRA     LE,E9A
0E80:  MOV.B   80C,W0L
0E82:  SE      W0,W0
0E84:  CP      W0,#8
0E86:  BRA     GT,E9A
.................... 		arrayDataYI[SM_id - 7] = c; 
0E88:  MOV.B   80C,W0L
0E8A:  SE      W0,W0
0E8C:  SUB     W0,#7,W5
0E8E:  MOV     #808,W4
0E90:  ADD     W5,W4,W6
0E92:  MOV     814,W0
0E94:  MOV.B   W0L,[W6+#0]
.................... 		SM_id++; 
0E96:  INC.B   080C
.................... 	}else if (SM_id == 9){ 
0E98:  BRA     F22
0E9A:  MOV.B   80C,W0L
0E9C:  SE      W0,W0
0E9E:  CP      W0,#9
0EA0:  BRA     NZ,EB4
.................... 		arrayData[SM_id - 9] = c; 
0EA2:  MOV.B   80C,W0L
0EA4:  SE      W0,W0
0EA6:  SUB     W0,#9,W5
0EA8:  MOV     #800,W4
0EAA:  ADD     W5,W4,W6
0EAC:  MOV     814,W0
0EAE:  MOV.B   W0L,[W6+#0]
.................... 		SM_id++; 
0EB0:  INC.B   080C
.................... 	}else if (SM_id > 9 && SM_id <= 11){ 
0EB2:  BRA     F22
0EB4:  MOV.B   80C,W0L
0EB6:  SE      W0,W0
0EB8:  CP      W0,#9
0EBA:  BRA     LE,ED6
0EBC:  MOV.B   80C,W0L
0EBE:  SE      W0,W0
0EC0:  CP      W0,#B
0EC2:  BRA     GT,ED6
.................... 		arrayDataXII[SM_id - 10] = c; 
0EC4:  MOV.B   80C,W0L
0EC6:  SE      W0,W0
0EC8:  SUB     W0,#A,W5
0ECA:  MOV     #806,W4
0ECC:  ADD     W5,W4,W6
0ECE:  MOV     814,W0
0ED0:  MOV.B   W0L,[W6+#0]
.................... 		SM_id++; 
0ED2:  INC.B   080C
.................... 	}else if (SM_id > 11 && SM_id <= 13){ 
0ED4:  BRA     F22
0ED6:  MOV.B   80C,W0L
0ED8:  SE      W0,W0
0EDA:  CP      W0,#B
0EDC:  BRA     LE,EF8
0EDE:  MOV.B   80C,W0L
0EE0:  SE      W0,W0
0EE2:  CP      W0,#D
0EE4:  BRA     GT,EF8
.................... 		arrayDataYII[SM_id - 12] = c; 
0EE6:  MOV.B   80C,W0L
0EE8:  SE      W0,W0
0EEA:  SUB     W0,#C,W5
0EEC:  MOV     #80A,W4
0EEE:  ADD     W5,W4,W6
0EF0:  MOV     814,W0
0EF2:  MOV.B   W0L,[W6+#0]
.................... 		SM_id++; 
0EF4:  INC.B   080C
.................... 	}else if(SM_id == 14){ 
0EF6:  BRA     F22
0EF8:  MOV.B   80C,W0L
0EFA:  SE      W0,W0
0EFC:  CP      W0,#E
0EFE:  BRA     NZ,F12
.................... 		arrayData[SM_id - 13] = c; 
0F00:  MOV.B   80C,W0L
0F02:  SE      W0,W0
0F04:  SUB     W0,#D,W5
0F06:  MOV     #800,W4
0F08:  ADD     W5,W4,W6
0F0A:  MOV     814,W0
0F0C:  MOV.B   W0L,[W6+#0]
.................... 		SM_id++; 
0F0E:  INC.B   080C
.................... 	}else if(SM_id >= 15){ 
0F10:  BRA     F22
0F12:  MOV.B   80C,W0L
0F14:  SE      W0,W0
0F16:  CP      W0,#F
0F18:  BRA     LT,F22
.................... 		getPackage = 1; 
0F1A:  MOV     #1,W4
0F1C:  MOV     W4,80E
.................... 		SM_id = 1; 
0F1E:  MOV.B   #1,W0L
0F20:  MOV.B   W0L,80C
.................... 	} 
0F22:  MOV     [--W15],W6
0F24:  MOV     [--W15],W5
0F26:  RETURN  
.................... } 
....................  
.................... #INT_RDA               // receive data interrupt one time per one  
.................... void UART1_Isr() { 
0F28:  PUSH    42
0F2A:  PUSH    36
0F2C:  PUSH    32
0F2E:  MOV     W0,[W15++]
0F30:  MOV     #2,W0
0F32:  REPEAT  #C
0F34:  MOV     [W0++],[W15++]
0F36:  BTSS.B  222.0
0F38:  BRA     F36
0F3A:  MOV     226,W0
0F3C:  MOV.B   W0L,812
0F3E:  CLR.B   813
....................     int c = getc(); 
....................     SM_RxD(c); 
0F40:  PUSH    812
0F42:  POP     814
0F44:  CALL    E16
0F48:  BCLR.B  85.3
0F4A:  MOV     #1A,W0
0F4C:  REPEAT  #C
0F4E:  MOV     [--W15],[W0--]
0F50:  MOV     [--W15],W0
0F52:  POP     32
0F54:  POP     36
0F56:  POP     42
0F58:  RETFIE  
.................... } 
.................... void main(){ 
*
1050:  MOV     #2780,W15
1052:  MOV     #27FF,W0
1054:  MOV     W0,20
1056:  NOP     
1058:  MOV     #4444,W0
105A:  MOV     W0,A8
105C:  BSET.B  81.7
105E:  MOV     #46,W0
1060:  MOV.B   W0L,742
1062:  MOV     #57,W0
1064:  MOV.B   W0L,742
1066:  BCLR.B  742.6
1068:  MOV     #3F0C,W0
106A:  MOV     W0,6A4
106C:  MOV     #300,W0
106E:  MOV     W0,6CC
1070:  MOV     #46,W0
1072:  MOV.B   W0L,742
1074:  MOV     #57,W0
1076:  MOV.B   W0L,742
1078:  BSET.B  742.6
107A:  CLR     744
107C:  MOV     #8000,W4
107E:  MOV     W4,220
1080:  MOV     #400,W4
1082:  MOV     W4,222
1084:  BSET.B  220.3
1086:  MOV     #22,W4
1088:  MOV     W4,228
108A:  MOV.B   #1,W0L
108C:  MOV.B   W0L,80C
108E:  CLR     80E
1090:  SETM    32C
1092:  CLR     800
1094:  CLR     802
1096:  CLR     804
1098:  CLR     806
109A:  CLR     808
109C:  CLR     80A
.................... 	disable_interrupts(GLOBAL); 
109E:  BCLR.B  81.7
10A0:  MOV     #E0,W4
10A2:  MOV     W4,42
10A4:  BSET.B  81.7
.................... 	 
....................     clear_interrupt(INT_RDA);   // recommend style coding to confirm everything clear before use 
10A6:  REPEAT  #3
10A8:  MOV     226,W0
10AA:  BCLR.B  85.3
....................     enable_interrupts(INT_RDA); 
10AC:  BSET.B  95.3
....................     printf("\nresult = %d\n", arrayData[3]); 
10AE:  MOV     #0,W1
10B0:  MOV     W1,W0
10B2:  CLR.B   1
10B4:  CALL    DFC
10B8:  INC     W1,W1
10BA:  BTSC.B  223.1
10BC:  BRA     10BA
10BE:  MOV     W0,224
10C0:  MOV     #9,W0
10C2:  CPSGT   W1,W0
10C4:  BRA     10B0
10C6:  MOV.B   803,W0L
10C8:  SE      W0,W0
10CA:  MOV     #0,W4
10CC:  CALL    F5A
10D0:  BTSC.B  223.1
10D2:  BRA     10D0
10D4:  MOV     #A,W4
10D6:  MOV     W4,224
.................... 	enable_interrupts(GLOBAL); 
10D8:  BCLR.B  81.7
10DA:  CLR     42
10DC:  BSET.B  81.7
.................... 	while(TRUE){ 
.................... 		if (getPackage >= 1){ 
10DE:  MOV     80E,W4
10E0:  CP      W4,#1
10E2:  BRA     LT,1116
.................... 			getPackage = 0; 
10E4:  CLR     80E
.................... 			int bagPosX;//, bagPosY, goPosX, goPosY ; 
.................... 			memcpy(&bagPosX, arrayDataXI, sizeof(bagPosX)); 
10E6:  MOV     #810,W1
10E8:  MOV     #804,W2
10EA:  REPEAT  #1
10EC:  MOV.B   [W2++],[W1++]
.................... 			//printf("\nresult = %d\n", array[0]); 
.................... 			printf("\nresult = %d\n", bagPosX); 
10EE:  MOV     #0,W1
10F0:  MOV     W1,W0
10F2:  CLR.B   1
10F4:  CALL    DFC
10F8:  INC     W1,W1
10FA:  BTSC.B  223.1
10FC:  BRA     10FA
10FE:  MOV     W0,224
1100:  MOV     #9,W0
1102:  CPSGT   W1,W0
1104:  BRA     10F0
1106:  MOV     810,W0
1108:  MOV     #0,W4
110A:  CALL    F5A
110E:  BTSC.B  223.1
1110:  BRA     110E
1112:  MOV     #A,W4
1114:  MOV     W4,224
.................... 			//printf("\nresult = %d\n", arrayData[0]); 
.................... 			//printf("\nresult = %d\n", arrayData[1]); 
.................... 			//printf("\nresult = %d\n", arrayData[2]); 
.................... 			//printf("\nresult = %d\n", arrayData[3]); 
.................... 		} 
1116:  BRA     10DE
.................... 	} 
.................... } 
....................  
1118:  PWRSAV  #0

Configuration Fuses:
   Word  1L: 3F7F   WPOSTS16 WDT128 WINDIS NOWDT ICSP1 NODEBUG NOWRT NOPROTECT NOJTAG
          H: FF00  
   Word  2L: F9F7   NOPR NOALTI2C1 IOL1WAY NOOSCIO FRC_PLL SOSC_SEC WUT_DEFAULT IESO
          H: FF00  
