
ROM used:   1442/33788 (4%)
            1442/33788 (4%) including unused fragments

            1.5 Average locations per line
            24.0 Average locations per statement

RAM used:   143/8192 (2%) at main() level
            147/8192 (2%) worst case

Stack size: 128

Lines Stmts  %   Files
----- ----- ---  -----
   90    60 100  multiDrop_rev2.c
  862     0   0  ..\..\..\..\..\..\Program Files (x86)\PICC\devices\24FJ48GA002.h
   33     0   0  BL_Support.h
----- -----
  985    60 Total

Page ROM  %  RAM   Vol Diff  Functions:
---- --- --- ---   --- ----  ----------
0    290  10    7  1337  6.3  SM_RxD
0     50   2    2    40  1.7  UART1_Isr
0    322  11    0   395  4.1  MAIN
0     26   1    0             @const761
0    246   9    0             @PRINTFD16_115200_5725_5724
 Inline         0             @cinit1

Program metrics:
    Functions               3
    Statements              60
    Comments                171
    Volume (V)              2087
    Difficulty (D)          12.1
    Effort to implement (E) 25198
    Time to implement (T)   23 minutes
    Est Delivered Bugs (B)  0
    Cyclomatic Complexity   14
    Maintainability (MI)    49

 Segment     Used  Free
-----------  ----  ----
00000-00BFE     0  3072  
00C00-00C02     4  0  
00C04-00DFA   504  0  
00DFC-083FA   934  29274  



