
ROM used:   1830/33788 (5%)
            1830/33788 (5%) including unused fragments

            1.6 Average locations per line
            12.5 Average locations per statement

RAM used:   155/8192 (2%) at main() level
            197/8192 (2%) worst case

Stack size: 128

Lines Stmts  %   Files
----- ----- ---  -----
  233   146 100  PositionCon.c
  862     0   0  ..\..\..\..\..\..\Program Files (x86)\PICC\devices\24FJ48GA002.h
   33     0   0  BL_Support.h
----- -----
 1128   146 Total

Page ROM  %  RAM   Vol Diff  Functions:
---- --- --- ---   --- ----  ----------
0     16   0    2             @delay_ms1
0    412  11    7  2040  6.9  SM_RxD
0     50   1    2    40  1.7  UART1_Isr
0    128   3    2   643  8.2  servo_Top
0     34   1    0    17  1.3  INT_EXT_INPUT0
0     34   1    0    17  1.3  INT_EXT_INPUT1
0     34   1    0    17  1.3  INT_EXT_INPUT2
0     56   2    0   336  2.3  Init_Interrupts
0    292   8    0  1420  7.0  MAIN
0     20   1    0             @const783
0    246   7    0             @PRINTFD16_115200_5725_5724
 Inline         0             @cinit1

Program metrics:
    Functions               8
    Statements              146
    Comments                174
    Volume (V)              6006
    Difficulty (D)          31.3
    Effort to implement (E) 188158
    Time to implement (T)   2 hours, 54 minutes
    Est Delivered Bugs (B)  1
    Cyclomatic Complexity   26
    Maintainability (MI)    129

 Segment     Used  Free
-----------  ----  ----
00000-00BFE     0  3072  
00C00-00C02     4  0  
00C04-00DFA   504  0  
00DFC-083FA  1322  28886  



